#0 building with "desktop-linux" instance using docker driver

#1 [internal] load build definition from Dockerfile
#1 transferring dockerfile: 370B 0.0s done
#1 DONE 0.0s

#2 [internal] load metadata for docker.io/library/node:23-alpine
#2 ...

#3 [auth] library/node:pull token for registry-1.docker.io
#3 DONE 0.0s

#2 [internal] load metadata for docker.io/library/node:23-alpine
#2 DONE 2.0s

#4 [internal] load .dockerignore
#4 transferring context: 173B done
#4 DONE 0.0s

#5 [internal] load build context
#5 transferring context: 330.55kB 0.1s done
#5 DONE 0.1s

#6 [builder 1/4] FROM docker.io/library/node:23-alpine@sha256:a34e14ef1df25b58258956049ab5a71ea7f0d498e41d0b514f4b8de09af09456
#6 resolve docker.io/library/node:23-alpine@sha256:a34e14ef1df25b58258956049ab5a71ea7f0d498e41d0b514f4b8de09af09456 0.0s done
#6 DONE 0.1s

#6 [builder 1/4] FROM docker.io/library/node:23-alpine@sha256:a34e14ef1df25b58258956049ab5a71ea7f0d498e41d0b514f4b8de09af09456
#6 sha256:c9ddb8507f841fcb28003ed1a2f32d68d43e79296cab55b37f19e7f0f61982dd 0B / 446B 0.2s
#6 sha256:c9ddb8507f841fcb28003ed1a2f32d68d43e79296cab55b37f19e7f0f61982dd 446B / 446B 0.2s done
#6 sha256:1b67613f0a721f5e91ffb2f49054a3c73c4c840bf8d7f882c9b2c08f85e0893f 0B / 1.26MB 0.3s
#6 sha256:dfb92eddc1a1cc8909288d09ef3781f8be90d926b68c536be670c2ae59adc0f4 0B / 51.77MB 0.2s
#6 sha256:fe07684b16b82247c3539ed86a65ff37a76138ec25d380bd80c869a1a4c73236 0B / 3.80MB 0.2s
#6 sha256:1b67613f0a721f5e91ffb2f49054a3c73c4c840bf8d7f882c9b2c08f85e0893f 1.05MB / 1.26MB 0.5s
#6 sha256:1b67613f0a721f5e91ffb2f49054a3c73c4c840bf8d7f882c9b2c08f85e0893f 1.26MB / 1.26MB 0.5s done
#6 sha256:dfb92eddc1a1cc8909288d09ef3781f8be90d926b68c536be670c2ae59adc0f4 3.15MB / 51.77MB 0.9s
#6 sha256:fe07684b16b82247c3539ed86a65ff37a76138ec25d380bd80c869a1a4c73236 1.05MB / 3.80MB 0.9s
#6 sha256:dfb92eddc1a1cc8909288d09ef3781f8be90d926b68c536be670c2ae59adc0f4 6.29MB / 51.77MB 1.4s
#6 sha256:fe07684b16b82247c3539ed86a65ff37a76138ec25d380bd80c869a1a4c73236 2.10MB / 3.80MB 1.2s
#6 sha256:fe07684b16b82247c3539ed86a65ff37a76138ec25d380bd80c869a1a4c73236 3.80MB / 3.80MB 1.5s done
#6 extracting sha256:fe07684b16b82247c3539ed86a65ff37a76138ec25d380bd80c869a1a4c73236
#6 sha256:dfb92eddc1a1cc8909288d09ef3781f8be90d926b68c536be670c2ae59adc0f4 10.49MB / 51.77MB 1.8s
#6 extracting sha256:fe07684b16b82247c3539ed86a65ff37a76138ec25d380bd80c869a1a4c73236 0.1s done
#6 sha256:dfb92eddc1a1cc8909288d09ef3781f8be90d926b68c536be670c2ae59adc0f4 13.63MB / 51.77MB 2.1s
#6 sha256:dfb92eddc1a1cc8909288d09ef3781f8be90d926b68c536be670c2ae59adc0f4 16.78MB / 51.77MB 2.4s
#6 sha256:dfb92eddc1a1cc8909288d09ef3781f8be90d926b68c536be670c2ae59adc0f4 20.97MB / 51.77MB 2.9s
#6 sha256:dfb92eddc1a1cc8909288d09ef3781f8be90d926b68c536be670c2ae59adc0f4 24.12MB / 51.77MB 3.2s
#6 sha256:dfb92eddc1a1cc8909288d09ef3781f8be90d926b68c536be670c2ae59adc0f4 27.26MB / 51.77MB 3.5s
#6 sha256:dfb92eddc1a1cc8909288d09ef3781f8be90d926b68c536be670c2ae59adc0f4 30.41MB / 51.77MB 3.8s
#6 sha256:dfb92eddc1a1cc8909288d09ef3781f8be90d926b68c536be670c2ae59adc0f4 34.60MB / 51.77MB 4.1s
#6 sha256:dfb92eddc1a1cc8909288d09ef3781f8be90d926b68c536be670c2ae59adc0f4 37.75MB / 51.77MB 4.4s
#6 sha256:dfb92eddc1a1cc8909288d09ef3781f8be90d926b68c536be670c2ae59adc0f4 41.94MB / 51.77MB 4.7s
#6 sha256:dfb92eddc1a1cc8909288d09ef3781f8be90d926b68c536be670c2ae59adc0f4 45.09MB / 51.77MB 5.0s
#6 sha256:dfb92eddc1a1cc8909288d09ef3781f8be90d926b68c536be670c2ae59adc0f4 48.23MB / 51.77MB 5.3s
#6 sha256:dfb92eddc1a1cc8909288d09ef3781f8be90d926b68c536be670c2ae59adc0f4 51.77MB / 51.77MB 5.6s
#6 sha256:dfb92eddc1a1cc8909288d09ef3781f8be90d926b68c536be670c2ae59adc0f4 51.77MB / 51.77MB 5.6s done
#6 extracting sha256:dfb92eddc1a1cc8909288d09ef3781f8be90d926b68c536be670c2ae59adc0f4
#6 extracting sha256:dfb92eddc1a1cc8909288d09ef3781f8be90d926b68c536be670c2ae59adc0f4 1.1s done
#6 DONE 6.8s

#6 [builder 1/4] FROM docker.io/library/node:23-alpine@sha256:a34e14ef1df25b58258956049ab5a71ea7f0d498e41d0b514f4b8de09af09456
#6 extracting sha256:1b67613f0a721f5e91ffb2f49054a3c73c4c840bf8d7f882c9b2c08f85e0893f 0.0s done
#6 extracting sha256:c9ddb8507f841fcb28003ed1a2f32d68d43e79296cab55b37f19e7f0f61982dd 0.0s done
#6 DONE 6.8s

#7 [builder 2/4] WORKDIR /app
#7 DONE 0.2s

#8 [builder 3/4] COPY package*.json ./
#8 DONE 0.0s

#9 [builder 4/4] RUN npm ci --only=production
#9 0.341 npm warn config only Use `--omit=dev` to omit dev dependencies from the install.
#9 2.712 npm warn EBADENGINE Unsupported engine {
#9 2.712 npm warn EBADENGINE   package: '@jest/console@30.4.1',
#9 2.712 npm warn EBADENGINE   required: { node: '^18.14.0 || ^20.0.0 || ^22.0.0 || >=24.0.0' },
#9 2.712 npm warn EBADENGINE   current: { node: 'v23.11.1', npm: '10.9.2' }
#9 2.712 npm warn EBADENGINE }
#9 2.712 npm warn EBADENGINE Unsupported engine {
#9 2.712 npm warn EBADENGINE   package: '@jest/core@30.4.2',
#9 2.712 npm warn EBADENGINE   required: { node: '^18.14.0 || ^20.0.0 || ^22.0.0 || >=24.0.0' },
#9 2.712 npm warn EBADENGINE   current: { node: 'v23.11.1', npm: '10.9.2' }
#9 2.712 npm warn EBADENGINE }
#9 2.713 npm warn EBADENGINE Unsupported engine {
#9 2.713 npm warn EBADENGINE   package: '@jest/diff-sequences@30.4.0',
#9 2.713 npm warn EBADENGINE   required: { node: '^18.14.0 || ^20.0.0 || ^22.0.0 || >=24.0.0' },
#9 2.713 npm warn EBADENGINE   current: { node: 'v23.11.1', npm: '10.9.2' }
#9 2.713 npm warn EBADENGINE }
#9 2.713 npm warn EBADENGINE Unsupported engine {
#9 2.713 npm warn EBADENGINE   package: '@jest/environment@30.4.1',
#9 2.713 npm warn EBADENGINE   required: { node: '^18.14.0 || ^20.0.0 || ^22.0.0 || >=24.0.0' },
#9 2.713 npm warn EBADENGINE   current: { node: 'v23.11.1', npm: '10.9.2' }
#9 2.713 npm warn EBADENGINE }
#9 2.713 npm warn EBADENGINE Unsupported engine {
#9 2.713 npm warn EBADENGINE   package: '@jest/expect@30.4.1',
#9 2.713 npm warn EBADENGINE   required: { node: '^18.14.0 || ^20.0.0 || ^22.0.0 || >=24.0.0' },
#9 2.713 npm warn EBADENGINE   current: { node: 'v23.11.1', npm: '10.9.2' }
#9 2.713 npm warn EBADENGINE }
#9 2.713 npm warn EBADENGINE Unsupported engine {
#9 2.713 npm warn EBADENGINE   package: '@jest/expect-utils@30.4.1',
#9 2.713 npm warn EBADENGINE   required: { node: '^18.14.0 || ^20.0.0 || ^22.0.0 || >=24.0.0' },
#9 2.713 npm warn EBADENGINE   current: { node: 'v23.11.1', npm: '10.9.2' }
#9 2.713 npm warn EBADENGINE }
#9 2.714 npm warn EBADENGINE Unsupported engine {
#9 2.714 npm warn EBADENGINE   package: '@jest/fake-timers@30.4.1',
#9 2.714 npm warn EBADENGINE   required: { node: '^18.14.0 || ^20.0.0 || ^22.0.0 || >=24.0.0' },
#9 2.714 npm warn EBADENGINE   current: { node: 'v23.11.1', npm: '10.9.2' }
#9 2.714 npm warn EBADENGINE }
#9 2.714 npm warn EBADENGINE Unsupported engine {
#9 2.714 npm warn EBADENGINE   package: '@jest/get-type@30.1.0',
#9 2.714 npm warn EBADENGINE   required: { node: '^18.14.0 || ^20.0.0 || ^22.0.0 || >=24.0.0' },
#9 2.714 npm warn EBADENGINE   current: { node: 'v23.11.1', npm: '10.9.2' }
#9 2.714 npm warn EBADENGINE }
#9 2.714 npm warn EBADENGINE Unsupported engine {
#9 2.714 npm warn EBADENGINE   package: '@jest/globals@30.4.1',
#9 2.714 npm warn EBADENGINE   required: { node: '^18.14.0 || ^20.0.0 || ^22.0.0 || >=24.0.0' },
#9 2.714 npm warn EBADENGINE   current: { node: 'v23.11.1', npm: '10.9.2' }
#9 2.714 npm warn EBADENGINE }
#9 2.714 npm warn EBADENGINE Unsupported engine {
#9 2.714 npm warn EBADENGINE   package: '@jest/pattern@30.4.0',
#9 2.714 npm warn EBADENGINE   required: { node: '^18.14.0 || ^20.0.0 || ^22.0.0 || >=24.0.0' },
#9 2.714 npm warn EBADENGINE   current: { node: 'v23.11.1', npm: '10.9.2' }
#9 2.714 npm warn EBADENGINE }
#9 2.714 npm warn EBADENGINE Unsupported engine {
#9 2.714 npm warn EBADENGINE   package: '@jest/reporters@30.4.1',
#9 2.714 npm warn EBADENGINE   required: { node: '^18.14.0 || ^20.0.0 || ^22.0.0 || >=24.0.0' },
#9 2.714 npm warn EBADENGINE   current: { node: 'v23.11.1', npm: '10.9.2' }
#9 2.714 npm warn EBADENGINE }
#9 2.715 npm warn EBADENGINE Unsupported engine {
#9 2.715 npm warn EBADENGINE   package: '@jest/schemas@30.4.1',
#9 2.715 npm warn EBADENGINE   required: { node: '^18.14.0 || ^20.0.0 || ^22.0.0 || >=24.0.0' },
#9 2.715 npm warn EBADENGINE   current: { node: 'v23.11.1', npm: '10.9.2' }
#9 2.715 npm warn EBADENGINE }
#9 2.715 npm warn EBADENGINE Unsupported engine {
#9 2.715 npm warn EBADENGINE   package: '@jest/snapshot-utils@30.4.1',
#9 2.715 npm warn EBADENGINE   required: { node: '^18.14.0 || ^20.0.0 || ^22.0.0 || >=24.0.0' },
#9 2.715 npm warn EBADENGINE   current: { node: 'v23.11.1', npm: '10.9.2' }
#9 2.715 npm warn EBADENGINE }
#9 2.715 npm warn EBADENGINE Unsupported engine {
#9 2.715 npm warn EBADENGINE   package: '@jest/source-map@30.0.1',
#9 2.715 npm warn EBADENGINE   required: { node: '^18.14.0 || ^20.0.0 || ^22.0.0 || >=24.0.0' },
#9 2.715 npm warn EBADENGINE   current: { node: 'v23.11.1', npm: '10.9.2' }
#9 2.715 npm warn EBADENGINE }
#9 2.715 npm warn EBADENGINE Unsupported engine {
#9 2.715 npm warn EBADENGINE   package: '@jest/test-result@30.4.1',
#9 2.715 npm warn EBADENGINE   required: { node: '^18.14.0 || ^20.0.0 || ^22.0.0 || >=24.0.0' },
#9 2.715 npm warn EBADENGINE   current: { node: 'v23.11.1', npm: '10.9.2' }
#9 2.715 npm warn EBADENGINE }
#9 2.715 npm warn EBADENGINE Unsupported engine {
#9 2.715 npm warn EBADENGINE   package: '@jest/test-sequencer@30.4.1',
#9 2.715 npm warn EBADENGINE   required: { node: '^18.14.0 || ^20.0.0 || ^22.0.0 || >=24.0.0' },
#9 2.715 npm warn EBADENGINE   current: { node: 'v23.11.1', npm: '10.9.2' }
#9 2.715 npm warn EBADENGINE }
#9 2.716 npm warn EBADENGINE Unsupported engine {
#9 2.716 npm warn EBADENGINE   package: '@jest/transform@30.4.1',
#9 2.716 npm warn EBADENGINE   required: { node: '^18.14.0 || ^20.0.0 || ^22.0.0 || >=24.0.0' },
#9 2.716 npm warn EBADENGINE   current: { node: 'v23.11.1', npm: '10.9.2' }
#9 2.716 npm warn EBADENGINE }
#9 2.716 npm warn EBADENGINE Unsupported engine {
#9 2.716 npm warn EBADENGINE   package: '@jest/types@30.4.1',
#9 2.716 npm warn EBADENGINE   required: { node: '^18.14.0 || ^20.0.0 || ^22.0.0 || >=24.0.0' },
#9 2.716 npm warn EBADENGINE   current: { node: 'v23.11.1', npm: '10.9.2' }
#9 2.716 npm warn EBADENGINE }
#9 2.717 npm warn EBADENGINE Unsupported engine {
#9 2.717 npm warn EBADENGINE   package: 'babel-jest@30.4.1',
#9 2.717 npm warn EBADENGINE   required: { node: '^18.14.0 || ^20.0.0 || ^22.0.0 || >=24.0.0' },
#9 2.717 npm warn EBADENGINE   current: { node: 'v23.11.1', npm: '10.9.2' }
#9 2.717 npm warn EBADENGINE }
#9 2.717 npm warn EBADENGINE Unsupported engine {
#9 2.717 npm warn EBADENGINE   package: 'babel-plugin-jest-hoist@30.4.0',
#9 2.717 npm warn EBADENGINE   required: { node: '^18.14.0 || ^20.0.0 || ^22.0.0 || >=24.0.0' },
#9 2.717 npm warn EBADENGINE   current: { node: 'v23.11.1', npm: '10.9.2' }
#9 2.717 npm warn EBADENGINE }
#9 2.717 npm warn EBADENGINE Unsupported engine {
#9 2.717 npm warn EBADENGINE   package: 'babel-preset-jest@30.4.0',
#9 2.717 npm warn EBADENGINE   required: { node: '^18.14.0 || ^20.0.0 || ^22.0.0 || >=24.0.0' },
#9 2.717 npm warn EBADENGINE   current: { node: 'v23.11.1', npm: '10.9.2' }
#9 2.717 npm warn EBADENGINE }
#9 2.718 npm warn EBADENGINE Unsupported engine {
#9 2.718 npm warn EBADENGINE   package: 'expect@30.4.1',
#9 2.718 npm warn EBADENGINE   required: { node: '^18.14.0 || ^20.0.0 || ^22.0.0 || >=24.0.0' },
#9 2.718 npm warn EBADENGINE   current: { node: 'v23.11.1', npm: '10.9.2' }
#9 2.718 npm warn EBADENGINE }
#9 2.719 npm warn EBADENGINE Unsupported engine {
#9 2.719 npm warn EBADENGINE   package: 'jest@30.4.2',
#9 2.719 npm warn EBADENGINE   required: { node: '^18.14.0 || ^20.0.0 || ^22.0.0 || >=24.0.0' },
#9 2.719 npm warn EBADENGINE   current: { node: 'v23.11.1', npm: '10.9.2' }
#9 2.719 npm warn EBADENGINE }
#9 2.719 npm warn EBADENGINE Unsupported engine {
#9 2.719 npm warn EBADENGINE   package: 'jest-changed-files@30.4.1',
#9 2.719 npm warn EBADENGINE   required: { node: '^18.14.0 || ^20.0.0 || ^22.0.0 || >=24.0.0' },
#9 2.719 npm warn EBADENGINE   current: { node: 'v23.11.1', npm: '10.9.2' }
#9 2.719 npm warn EBADENGINE }
#9 2.719 npm warn EBADENGINE Unsupported engine {
#9 2.719 npm warn EBADENGINE   package: 'jest-circus@30.4.2',
#9 2.719 npm warn EBADENGINE   required: { node: '^18.14.0 || ^20.0.0 || ^22.0.0 || >=24.0.0' },
#9 2.719 npm warn EBADENGINE   current: { node: 'v23.11.1', npm: '10.9.2' }
#9 2.719 npm warn EBADENGINE }
#9 2.719 npm warn EBADENGINE Unsupported engine {
#9 2.719 npm warn EBADENGINE   package: 'jest-cli@30.4.2',
#9 2.719 npm warn EBADENGINE   required: { node: '^18.14.0 || ^20.0.0 || ^22.0.0 || >=24.0.0' },
#9 2.719 npm warn EBADENGINE   current: { node: 'v23.11.1', npm: '10.9.2' }
#9 2.719 npm warn EBADENGINE }
#9 2.719 npm warn EBADENGINE Unsupported engine {
#9 2.719 npm warn EBADENGINE   package: 'jest-config@30.4.2',
#9 2.719 npm warn EBADENGINE   required: { node: '^18.14.0 || ^20.0.0 || ^22.0.0 || >=24.0.0' },
#9 2.719 npm warn EBADENGINE   current: { node: 'v23.11.1', npm: '10.9.2' }
#9 2.719 npm warn EBADENGINE }
#9 2.719 npm warn EBADENGINE Unsupported engine {
#9 2.719 npm warn EBADENGINE   package: 'jest-diff@30.4.1',
#9 2.719 npm warn EBADENGINE   required: { node: '^18.14.0 || ^20.0.0 || ^22.0.0 || >=24.0.0' },
#9 2.719 npm warn EBADENGINE   current: { node: 'v23.11.1', npm: '10.9.2' }
#9 2.719 npm warn EBADENGINE }
#9 2.720 npm warn EBADENGINE Unsupported engine {
#9 2.720 npm warn EBADENGINE   package: 'jest-docblock@30.4.0',
#9 2.720 npm warn EBADENGINE   required: { node: '^18.14.0 || ^20.0.0 || ^22.0.0 || >=24.0.0' },
#9 2.720 npm warn EBADENGINE   current: { node: 'v23.11.1', npm: '10.9.2' }
#9 2.720 npm warn EBADENGINE }
#9 2.720 npm warn EBADENGINE Unsupported engine {
#9 2.720 npm warn EBADENGINE   package: 'jest-each@30.4.1',
#9 2.720 npm warn EBADENGINE   required: { node: '^18.14.0 || ^20.0.0 || ^22.0.0 || >=24.0.0' },
#9 2.720 npm warn EBADENGINE   current: { node: 'v23.11.1', npm: '10.9.2' }
#9 2.720 npm warn EBADENGINE }
#9 2.720 npm warn EBADENGINE Unsupported engine {
#9 2.720 npm warn EBADENGINE   package: 'jest-environment-node@30.4.1',
#9 2.720 npm warn EBADENGINE   required: { node: '^18.14.0 || ^20.0.0 || ^22.0.0 || >=24.0.0' },
#9 2.720 npm warn EBADENGINE   current: { node: 'v23.11.1', npm: '10.9.2' }
#9 2.720 npm warn EBADENGINE }
#9 2.720 npm warn EBADENGINE Unsupported engine {
#9 2.720 npm warn EBADENGINE   package: 'jest-haste-map@30.4.1',
#9 2.720 npm warn EBADENGINE   required: { node: '^18.14.0 || ^20.0.0 || ^22.0.0 || >=24.0.0' },
#9 2.720 npm warn EBADENGINE   current: { node: 'v23.11.1', npm: '10.9.2' }
#9 2.720 npm warn EBADENGINE }
#9 2.720 npm warn EBADENGINE Unsupported engine {
#9 2.720 npm warn EBADENGINE   package: 'jest-leak-detector@30.4.1',
#9 2.720 npm warn EBADENGINE   required: { node: '^18.14.0 || ^20.0.0 || ^22.0.0 || >=24.0.0' },
#9 2.720 npm warn EBADENGINE   current: { node: 'v23.11.1', npm: '10.9.2' }
#9 2.720 npm warn EBADENGINE }
#9 2.721 npm warn EBADENGINE Unsupported engine {
#9 2.721 npm warn EBADENGINE   package: 'jest-matcher-utils@30.4.1',
#9 2.721 npm warn EBADENGINE   required: { node: '^18.14.0 || ^20.0.0 || ^22.0.0 || >=24.0.0' },
#9 2.721 npm warn EBADENGINE   current: { node: 'v23.11.1', npm: '10.9.2' }
#9 2.721 npm warn EBADENGINE }
#9 2.721 npm warn EBADENGINE Unsupported engine {
#9 2.721 npm warn EBADENGINE   package: 'jest-message-util@30.4.1',
#9 2.721 npm warn EBADENGINE   required: { node: '^18.14.0 || ^20.0.0 || ^22.0.0 || >=24.0.0' },
#9 2.721 npm warn EBADENGINE   current: { node: 'v23.11.1', npm: '10.9.2' }
#9 2.721 npm warn EBADENGINE }
#9 2.721 npm warn EBADENGINE Unsupported engine {
#9 2.721 npm warn EBADENGINE   package: 'jest-mock@30.4.1',
#9 2.721 npm warn EBADENGINE   required: { node: '^18.14.0 || ^20.0.0 || ^22.0.0 || >=24.0.0' },
#9 2.721 npm warn EBADENGINE   current: { node: 'v23.11.1', npm: '10.9.2' }
#9 2.721 npm warn EBADENGINE }
#9 2.721 npm warn EBADENGINE Unsupported engine {
#9 2.721 npm warn EBADENGINE   package: 'jest-regex-util@30.4.0',
#9 2.721 npm warn EBADENGINE   required: { node: '^18.14.0 || ^20.0.0 || ^22.0.0 || >=24.0.0' },
#9 2.721 npm warn EBADENGINE   current: { node: 'v23.11.1', npm: '10.9.2' }
#9 2.721 npm warn EBADENGINE }
#9 2.721 npm warn EBADENGINE Unsupported engine {
#9 2.721 npm warn EBADENGINE   package: 'jest-resolve@30.4.1',
#9 2.721 npm warn EBADENGINE   required: { node: '^18.14.0 || ^20.0.0 || ^22.0.0 || >=24.0.0' },
#9 2.721 npm warn EBADENGINE   current: { node: 'v23.11.1', npm: '10.9.2' }
#9 2.721 npm warn EBADENGINE }
#9 2.721 npm warn EBADENGINE Unsupported engine {
#9 2.721 npm warn EBADENGINE   package: 'jest-resolve-dependencies@30.4.2',
#9 2.721 npm warn EBADENGINE   required: { node: '^18.14.0 || ^20.0.0 || ^22.0.0 || >=24.0.0' },
#9 2.721 npm warn EBADENGINE   current: { node: 'v23.11.1', npm: '10.9.2' }
#9 2.721 npm warn EBADENGINE }
#9 2.722 npm warn EBADENGINE Unsupported engine {
#9 2.722 npm warn EBADENGINE   package: 'jest-runner@30.4.2',
#9 2.722 npm warn EBADENGINE   required: { node: '^18.14.0 || ^20.0.0 || ^22.0.0 || >=24.0.0' },
#9 2.722 npm warn EBADENGINE   current: { node: 'v23.11.1', npm: '10.9.2' }
#9 2.722 npm warn EBADENGINE }
#9 2.722 npm warn EBADENGINE Unsupported engine {
#9 2.722 npm warn EBADENGINE   package: 'jest-runtime@30.4.2',
#9 2.722 npm warn EBADENGINE   required: { node: '^18.14.0 || ^20.0.0 || ^22.0.0 || >=24.0.0' },
#9 2.722 npm warn EBADENGINE   current: { node: 'v23.11.1', npm: '10.9.2' }
#9 2.722 npm warn EBADENGINE }
#9 2.722 npm warn EBADENGINE Unsupported engine {
#9 2.722 npm warn EBADENGINE   package: 'jest-snapshot@30.4.1',
#9 2.722 npm warn EBADENGINE   required: { node: '^18.14.0 || ^20.0.0 || ^22.0.0 || >=24.0.0' },
#9 2.722 npm warn EBADENGINE   current: { node: 'v23.11.1', npm: '10.9.2' }
#9 2.722 npm warn EBADENGINE }
#9 2.722 npm warn EBADENGINE Unsupported engine {
#9 2.722 npm warn EBADENGINE   package: 'jest-util@30.4.1',
#9 2.722 npm warn EBADENGINE   required: { node: '^18.14.0 || ^20.0.0 || ^22.0.0 || >=24.0.0' },
#9 2.722 npm warn EBADENGINE   current: { node: 'v23.11.1', npm: '10.9.2' }
#9 2.722 npm warn EBADENGINE }
#9 2.722 npm warn EBADENGINE Unsupported engine {
#9 2.722 npm warn EBADENGINE   package: 'jest-validate@30.4.1',
#9 2.722 npm warn EBADENGINE   required: { node: '^18.14.0 || ^20.0.0 || ^22.0.0 || >=24.0.0' },
#9 2.722 npm warn EBADENGINE   current: { node: 'v23.11.1', npm: '10.9.2' }
#9 2.722 npm warn EBADENGINE }
#9 2.722 npm warn EBADENGINE Unsupported engine {
#9 2.722 npm warn EBADENGINE   package: 'jest-watcher@30.4.1',
#9 2.722 npm warn EBADENGINE   required: { node: '^18.14.0 || ^20.0.0 || ^22.0.0 || >=24.0.0' },
#9 2.722 npm warn EBADENGINE   current: { node: 'v23.11.1', npm: '10.9.2' }
#9 2.722 npm warn EBADENGINE }
#9 2.723 npm warn EBADENGINE Unsupported engine {
#9 2.723 npm warn EBADENGINE   package: 'jest-worker@30.4.1',
#9 2.723 npm warn EBADENGINE   required: { node: '^18.14.0 || ^20.0.0 || ^22.0.0 || >=24.0.0' },
#9 2.723 npm warn EBADENGINE   current: { node: 'v23.11.1', npm: '10.9.2' }
#9 2.723 npm warn EBADENGINE }
#9 2.725 npm warn EBADENGINE Unsupported engine {
#9 2.725 npm warn EBADENGINE   package: 'pretty-format@30.4.1',
#9 2.725 npm warn EBADENGINE   required: { node: '^18.14.0 || ^20.0.0 || ^22.0.0 || >=24.0.0' },
#9 2.725 npm warn EBADENGINE   current: { node: 'v23.11.1', npm: '10.9.2' }
#9 2.725 npm warn EBADENGINE }
#9 2.736 npm error code EUSAGE
#9 2.736 npm error
#9 2.736 npm error `npm ci` can only install packages when your package.json and package-lock.json or npm-shrinkwrap.json are in sync. Please update your lock file with `npm install` before continuing.
#9 2.736 npm error
#9 2.736 npm error Missing: supertest@6.3.4 from lock file
#9 2.736 npm error Missing: methods@1.1.2 from lock file
#9 2.736 npm error Missing: superagent@8.1.2 from lock file
#9 2.736 npm error Missing: component-emitter@1.3.1 from lock file
#9 2.736 npm error Missing: cookiejar@2.1.4 from lock file
#9 2.736 npm error Missing: fast-safe-stringify@2.1.1 from lock file
#9 2.736 npm error Missing: form-data@4.0.6 from lock file
#9 2.736 npm error Missing: formidable@2.1.5 from lock file
#9 2.736 npm error Missing: mime@2.6.0 from lock file
#9 2.736 npm error Missing: asynckit@0.4.0 from lock file
#9 2.736 npm error Missing: combined-stream@1.0.8 from lock file
#9 2.736 npm error Missing: es-set-tostringtag@2.1.0 from lock file
#9 2.736 npm error Invalid: lock file's hasown@2.0.2 does not satisfy hasown@2.0.4
#9 2.736 npm error Missing: mime-types@2.1.35 from lock file
#9 2.736 npm error Missing: delayed-stream@1.0.0 from lock file
#9 2.736 npm error Missing: has-tostringtag@1.0.2 from lock file
#9 2.736 npm error Missing: @paralleldrive/cuid2@2.3.1 from lock file
#9 2.736 npm error Missing: dezalgo@1.0.4 from lock file
#9 2.736 npm error Missing: @noble/hashes@1.8.0 from lock file
#9 2.736 npm error Missing: asap@2.0.6 from lock file
#9 2.736 npm error Missing: mime-db@1.52.0 from lock file
#9 2.736 npm error
#9 2.736 npm error Clean install a project
#9 2.736 npm error
#9 2.736 npm error Usage:
#9 2.736 npm error npm ci
#9 2.736 npm error
#9 2.736 npm error Options:
#9 2.736 npm error [--install-strategy <hoisted|nested|shallow|linked>] [--legacy-bundling]
#9 2.736 npm error [--global-style] [--omit <dev|optional|peer> [--omit <dev|optional|peer> ...]]
#9 2.736 npm error [--include <prod|dev|optional|peer> [--include <prod|dev|optional|peer> ...]]
#9 2.736 npm error [--strict-peer-deps] [--foreground-scripts] [--ignore-scripts] [--no-audit]
#9 2.736 npm error [--no-bin-links] [--no-fund] [--dry-run]
#9 2.736 npm error [-w|--workspace <workspace-name> [-w|--workspace <workspace-name> ...]]
#9 2.736 npm error [-ws|--workspaces] [--include-workspace-root] [--install-links]
#9 2.736 npm error
#9 2.736 npm error aliases: clean-install, ic, install-clean, isntall-clean
#9 2.736 npm error
#9 2.736 npm error Run "npm help ci" for more info
#9 2.737 npm notice
#9 2.737 npm notice New major version of npm available! 10.9.2 -> 11.17.0
#9 2.737 npm notice Changelog: https://github.com/npm/cli/releases/tag/v11.17.0
#9 2.737 npm notice To update run: npm install -g npm@11.17.0
#9 2.737 npm notice
#9 2.737 npm error A complete log of this run can be found in: /root/.npm/_logs/2026-06-16T00_57_45_316Z-debug-0.log
#9 ERROR: process "/bin/sh -c npm ci --only=production" did not complete successfully: exit code: 1
------
 > [builder 4/4] RUN npm ci --only=production:
2.736 npm error
2.736 npm error aliases: clean-install, ic, install-clean, isntall-clean
2.736 npm error
2.736 npm error Run "npm help ci" for more info
2.737 npm notice
2.737 npm notice New major version of npm available! 10.9.2 -> 11.17.0
2.737 npm notice Changelog: https://github.com/npm/cli/releases/tag/v11.17.0
2.737 npm notice To update run: npm install -g npm@11.17.0
2.737 npm notice
2.737 npm error A complete log of this run can be found in: /root/.npm/_logs/2026-06-16T00_57_45_316Z-debug-0.log
------
Dockerfile:8
--------------------
   6 |     COPY package*.json ./
   7 |     
   8 | >>> RUN npm ci --only=production
   9 |     
  10 |     # Stage 2: Runtime
--------------------
ERROR: failed to build: failed to solve: process "/bin/sh -c npm ci --only=production" did not complete successfully: exit code: 1
